[2026-04-02 23:41:01] === LOOP STARTING ===
[2026-04-02 23:41:01] Working directory: /home/user/go/src/github.com/opd-ai/unpeople
[2026-04-02 23:41:01] Prompt directory:  /home/user/go/src/github.com/opd-ai/go-stats-generator
[2026-04-02 23:41:01] Max iterations:    50
[2026-04-02 23:41:01] --- Initialization ---
[2026-04-02 23:41:01] AUDIT.md already exists — skipping BASE_AUDIT.md.
[2026-04-02 23:41:01] PLAN.md already exists — skipping MAKE_PLAN.md.
[2026-04-02 23:41:01] --- Entering main loop (max 50 iterations) ---
[2026-04-02 23:41:01] 
[2026-04-02 23:41:01] === Iteration 1 / 50 ===
[2026-04-02 23:41:01] Step A: Executing next task...
[2026-04-02 23:41:01] Delegating: EXECUTE.md
[2026-04-03 00:09:05] Delegation complete: EXECUTE.md (exit code: 141)
[2026-04-03 00:09:05] WARNING: EXECUTE.md delegation returned non-zero.
[2026-04-03 00:09:05] Step B: Running tests...
[2026-04-03 00:09:05] Running tests...
[2026-04-03 00:09:05] Tests FAILED (exit code: 1)
[2026-04-03 00:09:05] Tests failed — delegating FAIL.md to diagnose and fix...
[2026-04-03 00:09:05] Delegating: FAIL.md
[2026-04-03 00:10:09] Delegation complete: FAIL.md (exit code: 141)
[2026-04-03 00:10:09] Running tests...
[2026-04-03 00:10:09] Tests FAILED (exit code: 1)
[2026-04-03 00:10:09] Tests still failing after FAIL.md — continuing to next iteration.
[2026-04-03 00:10:09] [iteration 1] executed EXECUTE.md + FAIL.md — tests: FAIL (persisted)
[2026-04-03 00:10:09] 
[2026-04-03 00:10:09] === Iteration 2 / 50 ===
[2026-04-03 00:10:09] Step A: Executing next task...
[2026-04-03 00:10:09] Delegating: EXECUTE.md
[2026-04-03 00:26:06] === LOOP STARTING ===
[2026-04-03 00:26:06] Working directory: /home/user/go/src/github.com/opd-ai/unpeople
[2026-04-03 00:26:06] Prompt directory:  /home/user/go/src/github.com/opd-ai/go-stats-generator
[2026-04-03 00:26:06] Max iterations:    50
[2026-04-03 00:26:06] --- Initialization ---
[2026-04-03 00:26:06] AUDIT.md not found — delegating BASE_AUDIT.md...
[2026-04-03 00:26:06] Delegating: BASE_AUDIT.md
[2026-04-03 00:26:25] === LOOP STARTING ===
[2026-04-03 00:26:25] Working directory: /home/user/go/src/github.com/opd-ai/unpeople
[2026-04-03 00:26:25] Prompt directory:  /home/user/go/src/github.com/opd-ai/go-stats-generator
[2026-04-03 00:26:25] Max iterations:    50
[2026-04-03 00:26:25] --- Initialization ---
[2026-04-03 00:26:25] AUDIT.md already exists — skipping BASE_AUDIT.md.
[2026-04-03 00:26:25] PLAN.md not found — delegating MAKE_PLAN.md...
[2026-04-03 00:26:25] Delegating: MAKE_PLAN.md
[2026-04-03 00:31:55] Delegation complete: MAKE_PLAN.md (exit code: 141)
[2026-04-03 00:31:55] PLAN.md created successfully.
[2026-04-03 00:31:55] --- Entering main loop (max 50 iterations) ---
[2026-04-03 00:31:55] 
[2026-04-03 00:31:55] === Iteration 1 / 50 ===
[2026-04-03 00:31:55] Step A: Executing next task...
[2026-04-03 00:31:55] Delegating: EXECUTE.md
[2026-04-03 00:46:09] === LOOP STARTING ===
[2026-04-03 00:46:09] Working directory: /home/user/go/src/github.com/opd-ai/unpeople
[2026-04-03 00:46:09] Prompt directory:  /home/user/go/src/github.com/opd-ai/go-stats-generator
[2026-04-03 00:46:09] Max iterations:    50
[2026-04-03 00:46:09] --- Initialization ---
[2026-04-03 00:46:09] AUDIT.md already exists — skipping BASE_AUDIT.md.
[2026-04-03 00:46:09] PLAN.md already exists — skipping MAKE_PLAN.md.
[2026-04-03 00:46:09] --- Entering main loop (max 50 iterations) ---
[2026-04-03 00:46:09] 
[2026-04-03 00:46:09] === Iteration 1 / 50 ===
[2026-04-03 00:46:09] Step A: Executing next task...
[2026-04-03 00:46:09] Delegating: EXECUTE.md
[2026-04-03 01:10:08] Delegation complete: EXECUTE.md (exit code: 141)
[2026-04-03 01:10:08] WARNING: EXECUTE.md delegation returned non-zero.
[2026-04-03 01:10:08] Step B: Running tests...
[2026-04-03 01:10:08] Running tests...
[2026-04-03 01:10:08] Tests FAILED (exit code: 1)
[2026-04-03 01:10:08] Tests failed — delegating FAIL.md to diagnose and fix...
[2026-04-03 01:10:08] Delegating: FAIL.md
[2026-04-03 01:11:34] Delegation complete: FAIL.md (exit code: 141)
[2026-04-03 01:11:34] Running tests...
[2026-04-03 01:11:34] Tests FAILED (exit code: 1)
[2026-04-03 01:11:34] Tests still failing after FAIL.md — continuing to next iteration.
[2026-04-03 01:11:34] [iteration 1] executed EXECUTE.md + FAIL.md — tests: FAIL (persisted)
[2026-04-03 01:11:34] Backlog is empty (AUDIT.md and PLAN.md absent/empty).
[2026-04-03 01:11:34] Running tests...
[2026-04-03 01:11:34] Tests FAILED (exit code: 1)
[2026-04-03 01:11:34] Backlog empty but tests failing — delegating FAIL.md...
[2026-04-03 01:11:34] Delegating: FAIL.md
[2026-04-03 01:12:24] Delegation complete: FAIL.md (exit code: 141)
[2026-04-03 01:12:24] Running tests...
[2026-04-03 01:12:24] Tests FAILED (exit code: 1)
[2026-04-03 01:12:24] Tests still failing after FAIL.md on empty backlog — continuing.
[2026-04-03 01:12:24] 
[2026-04-03 01:12:24] === Iteration 2 / 50 ===
[2026-04-03 01:12:24] Step A: Executing next task...
[2026-04-03 01:12:24] Delegating: EXECUTE.md
[2026-04-03 01:47:28] Delegation complete: EXECUTE.md (exit code: 141)
[2026-04-03 01:47:28] WARNING: EXECUTE.md delegation returned non-zero.
[2026-04-03 01:47:28] Step B: Running tests...
[2026-04-03 01:47:28] Running tests...
[2026-04-03 01:47:28] Tests FAILED (exit code: 1)
[2026-04-03 01:47:28] Tests failed — delegating FAIL.md to diagnose and fix...
[2026-04-03 01:47:28] Delegating: FAIL.md
[2026-04-03 01:48:30] Delegation complete: FAIL.md (exit code: 141)
[2026-04-03 01:48:30] Running tests...
[2026-04-03 01:48:30] Tests FAILED (exit code: 1)
[2026-04-03 01:48:30] Tests still failing after FAIL.md — continuing to next iteration.
[2026-04-03 01:48:30] [iteration 2] executed EXECUTE.md + FAIL.md — tests: FAIL (persisted)
[2026-04-03 01:48:30] Backlog is empty (AUDIT.md and PLAN.md absent/empty).
[2026-04-03 01:48:30] Running tests...
[2026-04-03 01:48:30] Tests FAILED (exit code: 1)
[2026-04-03 01:48:30] Backlog empty but tests failing — delegating FAIL.md...
[2026-04-03 01:48:30] Delegating: FAIL.md
[2026-04-03 01:49:40] Delegation complete: FAIL.md (exit code: 141)
[2026-04-03 01:49:40] Running tests...
[2026-04-03 01:49:40] Tests FAILED (exit code: 1)
[2026-04-03 01:49:40] Tests still failing after FAIL.md on empty backlog — continuing.
[2026-04-03 01:49:40] 
[2026-04-03 01:49:40] === Iteration 3 / 50 ===
[2026-04-03 01:49:40] Step A: Executing next task...
[2026-04-03 01:49:40] Delegating: EXECUTE.md
[2026-04-03 02:10:13] Delegation complete: EXECUTE.md (exit code: 141)
[2026-04-03 02:10:13] WARNING: EXECUTE.md delegation returned non-zero.
[2026-04-03 02:10:13] Step B: Running tests...
[2026-04-03 02:10:13] Running tests...
[2026-04-03 02:10:13] Tests FAILED (exit code: 1)
[2026-04-03 02:10:13] Tests failed — delegating FAIL.md to diagnose and fix...
[2026-04-03 02:10:13] Delegating: FAIL.md
[2026-04-03 02:11:20] Delegation complete: FAIL.md (exit code: 141)
[2026-04-03 02:11:20] Running tests...
[2026-04-03 02:11:20] Tests FAILED (exit code: 1)
[2026-04-03 02:11:20] Tests still failing after FAIL.md — continuing to next iteration.
[2026-04-03 02:11:20] [iteration 3] executed EXECUTE.md + FAIL.md — tests: FAIL (persisted)
[2026-04-03 02:11:20] Step C: Periodic maintenance check (iteration 3)...
[2026-04-03 02:11:21] Complexity violations found: 129 functions exceed thresholds
[2026-04-03 02:11:21]   Complexity violations detected — delegating BREAKDOWN.md...
[2026-04-03 02:11:21] Delegating: BREAKDOWN.md
[2026-04-03 02:20:51] Delegation complete: BREAKDOWN.md (exit code: 141)
[2026-04-03 02:20:51] Running tests...
[2026-04-03 02:20:51] Tests FAILED (exit code: 1)
[2026-04-03 02:20:51]   Tests failed after BREAKDOWN.md — delegating FAIL.md...
[2026-04-03 02:20:51] Delegating: FAIL.md
[2026-04-03 02:21:44] Delegation complete: FAIL.md (exit code: 141)
[2026-04-03 02:21:44] Running tests...
[2026-04-03 02:21:44] Tests FAILED (exit code: 1)
[2026-04-03 02:21:44] [iteration 3] executed BREAKDOWN.md — tests: FAIL
[2026-04-03 02:21:44] Clone pairs (25) exceed threshold of 10
[2026-04-03 02:21:44]   Duplication threshold exceeded — delegating DEDUPLICATE.md...
[2026-04-03 02:21:44] Delegating: DEDUPLICATE.md
